生成启动时间为 2018/10/9 22:09:38。
     1>项目“D:\ZhiningHe\bit_每日练习\2018.10.9\2018.10.9\2018.10.9.vcxproj”在节点 2 上(Build 个目标)。
     1>ClCompile:
         C:\Program Files (x86)\Microsoft Visual Studio 14.0\VC\bin\CL.exe /c /ZI /nologo /W3 /WX- /sdl /Od /Oy- /D WIN32 /D _DEBUG /D _CONSOLE /D _UNICODE /D UNICODE /Gm /EHsc /RTC1 /MDd /GS /fp:precise /Zc:wchar_t /Zc:forScope /Zc:inline /Fo"Debug\\" /Fd"Debug\vc140.pdb" /Gd /TC /analyze- /errorReport:prompt text.c
         text.c
     1>d:\zhininghe\bit_每日练习\2018.10.9\2018.10.9\text.c(46): warning C4047: “=”:“List”与“List *”的间接级别不同
     1>d:\zhininghe\bit_每日练习\2018.10.9\2018.10.9\text.c(51): warning C4047: “=”:“ListNode *”与“List *”的间接级别不同
     1>d:\zhininghe\bit_每日练习\2018.10.9\2018.10.9\text.c(53): warning C4047: “=”:“List”与“List *”的间接级别不同
     1>d:\zhininghe\bit_每日练习\2018.10.9\2018.10.9\text.c(72): warning C4047: “函数”:“List *”与“List”的间接级别不同
     1>d:\zhininghe\bit_每日练习\2018.10.9\2018.10.9\text.c(72): warning C4024: “ListUnion”: 形参和实参 1 的类型不同
     1>d:\zhininghe\bit_每日练习\2018.10.9\2018.10.9\text.c(72): warning C4024: “ListUnion”: 形参和实参 2 的类型不同
     1>d:\zhininghe\bit_每日练习\2018.10.9\2018.10.9\text.c(72): warning C4047: “=”:“List”与“List *”的间接级别不同
     1>d:\zhininghe\bit_每日练习\2018.10.9\2018.10.9\text.c(39): warning C4716: “CreateList”: 必须返回一个值
     1>d:\zhininghe\bit_每日练习\2018.10.9\2018.10.9\text.c(62): warning C4716: “ListUnion”: 必须返回一个值
       Link:
         C:\Program Files (x86)\Microsoft Visual Studio 14.0\VC\bin\link.exe /ERRORREPORT:PROMPT /OUT:"D:\ZhiningHe\bit_每日练习\2018.10.9\Debug\2018.10.9.exe" /INCREMENTAL /NOLOGO kernel32.lib user32.lib gdi32.lib winspool.lib comdlg32.lib advapi32.lib shell32.lib ole32.lib oleaut32.lib uuid.lib odbc32.lib odbccp32.lib /MANIFEST /MANIFESTUAC:"level='asInvoker' uiAccess='false'" /manifest:embed /Debug /PDB:"D:\ZhiningHe\bit_每日练习\2018.10.9\Debug\2018.10.9.pdb" /SUBSYSTEM:CONSOLE /TLBID:1 /DYNAMICBASE /NXCOMPAT /IMPLIB:"D:\ZhiningHe\bit_每日练习\2018.10.9\Debug\2018.10.9.lib" /MACHINE:X86 Debug\text.obj
         2018.10.9.vcxproj -> D:\ZhiningHe\bit_每日练习\2018.10.9\Debug\2018.10.9.exe
     1>已完成生成项目“D:\ZhiningHe\bit_每日练习\2018.10.9\2018.10.9\2018.10.9.vcxproj”(Build 个目标)的操作。

已成功生成。

已用时间 00:00:00.40
