生成启动时间为 2018/11/9 19:36:41。
     1>项目“D:\ZhiningHe\bit_每日练习\后方交会\后方交会\后方交会.vcxproj”在节点 2 上(Build 个目标)。
     1>ClCompile:
         D:\ZhiningHe\Apps\VS2013\VC\bin\CL.exe /c /ZI /nologo /W3 /WX- /sdl /Od /Oy- /D WIN32 /D _DEBUG /D _CONSOLE /D _LIB /D _UNICODE /D UNICODE /Gm /EHsc /RTC1 /MDd /GS /fp:precise /Zc:wchar_t /Zc:forScope /Fo"Debug\\" /Fd"Debug\vc120.pdb" /Gd /TC /analyze- /errorReport:prompt test.c
         test.c
     1>d:\zhininghe\bit_每日练习\后方交会\后方交会\test.c(24): warning C4305: “初始化”: 从“double”到“float”截断
     1>d:\zhininghe\bit_每日练习\后方交会\后方交会\test.c(25): warning C4305: “初始化”: 从“double”到“float”截断
     1>d:\zhininghe\bit_每日练习\后方交会\后方交会\test.c(56): warning C4244: “=”: 从“double”转换到“float”，可能丢失数据
     1>d:\zhininghe\bit_每日练习\后方交会\后方交会\test.c(57): warning C4244: “=”: 从“double”转换到“float”，可能丢失数据
     1>d:\zhininghe\bit_每日练习\后方交会\后方交会\test.c(58): warning C4244: “=”: 从“double”转换到“float”，可能丢失数据
     1>d:\zhininghe\bit_每日练习\后方交会\后方交会\test.c(59): warning C4244: “=”: 从“double”转换到“float”，可能丢失数据
     1>d:\zhininghe\bit_每日练习\后方交会\后方交会\test.c(60): warning C4244: “=”: 从“double”转换到“float”，可能丢失数据
     1>d:\zhininghe\bit_每日练习\后方交会\后方交会\test.c(61): warning C4244: “=”: 从“double”转换到“float”，可能丢失数据
     1>d:\zhininghe\bit_每日练习\后方交会\后方交会\test.c(62): warning C4244: “=”: 从“double”转换到“float”，可能丢失数据
     1>d:\zhininghe\bit_每日练习\后方交会\后方交会\test.c(63): warning C4244: “=”: 从“double”转换到“float”，可能丢失数据
     1>d:\zhininghe\bit_每日练习\后方交会\后方交会\test.c(64): warning C4244: “=”: 从“double”转换到“float”，可能丢失数据
     1>d:\zhininghe\bit_每日练习\后方交会\后方交会\test.c(95): warning C4244: “=”: 从“double”转换到“float”，可能丢失数据
     1>d:\zhininghe\bit_每日练习\后方交会\后方交会\test.c(96): warning C4244: “=”: 从“double”转换到“float”，可能丢失数据
     1>d:\zhininghe\bit_每日练习\后方交会\后方交会\test.c(98): warning C4244: “=”: 从“double”转换到“float”，可能丢失数据
     1>d:\zhininghe\bit_每日练习\后方交会\后方交会\test.c(99): warning C4244: “=”: 从“double”转换到“float”，可能丢失数据
     1>d:\zhininghe\bit_每日练习\后方交会\后方交会\test.c(113): warning C4013: “system”未定义；假设外部返回 int
     1>d:\zhininghe\bit_每日练习\后方交会\后方交会\test.c(75): warning C4101: “X”: 未引用的局部变量
       Link:
         D:\ZhiningHe\Apps\VS2013\VC\bin\link.exe /ERRORREPORT:PROMPT /OUT:"D:\ZhiningHe\bit_每日练习\后方交会\Debug\后方交会.exe" /INCREMENTAL /NOLOGO kernel32.lib user32.lib gdi32.lib winspool.lib comdlg32.lib advapi32.lib shell32.lib ole32.lib oleaut32.lib uuid.lib odbc32.lib odbccp32.lib /MANIFEST /MANIFESTUAC:"level='asInvoker' uiAccess='false'" /manifest:embed /DEBUG /PDB:"D:\ZhiningHe\bit_每日练习\后方交会\Debug\后方交会.pdb" /SUBSYSTEM:CONSOLE /TLBID:1 /DYNAMICBASE /NXCOMPAT /IMPLIB:"D:\ZhiningHe\bit_每日练习\后方交会\Debug\后方交会.lib" /MACHINE:X86 Debug\test.obj
         后方交会.vcxproj -> D:\ZhiningHe\bit_每日练习\后方交会\Debug\后方交会.exe
     1>已完成生成项目“D:\ZhiningHe\bit_每日练习\后方交会\后方交会\后方交会.vcxproj”(Build 个目标)的操作。

生成成功。

已用时间 00:00:02.99
